d:\devresult\git\proj\2202gamesystemdesign\gsd\gsd\x64\debug\vc142.pdb
d:\devresult\git\proj\2202gamesystemdesign\gsd\gsd\x64\debug\vc142.idb
d:\devresult\git\proj\2202gamesystemdesign\gsd\gsd\x64\debug\storyascii.obj
d:\devresult\git\proj\2202gamesystemdesign\gsd\gsd\x64\debug\stage5.obj
d:\devresult\git\proj\2202gamesystemdesign\gsd\gsd\x64\debug\stage4.obj
d:\devresult\git\proj\2202gamesystemdesign\gsd\gsd\x64\debug\gamemanager.obj
d:\devresult\git\proj\2202gamesystemdesign\gsd\gsd\x64\debug\keycontrol.obj
d:\devresult\git\proj\2202gamesystemdesign\gsd\gsd\x64\debug\gsd.obj
d:\devresult\git\proj\2202gamesystemdesign\gsd\gsd\x64\debug\stage2main.obj
d:\devresult\git\proj\2202gamesystemdesign\gsd\gsd\x64\debug\stage2.obj
d:\devresult\git\proj\2202gamesystemdesign\gsd\gsd\x64\debug\drawmap.obj
d:\devresult\git\proj\2202gamesystemdesign\gsd\x64\debug\gsd.exe
d:\devresult\git\proj\2202gamesystemdesign\gsd\gsd\x64\debug\gsd.ilk
d:\devresult\git\proj\2202gamesystemdesign\gsd\x64\debug\gsd.pdb
d:\devresult\git\proj\2202gamesystemdesign\gsd\gsd\x64\debug\gsd.tlog\cl.command.1.tlog
d:\devresult\git\proj\2202gamesystemdesign\gsd\gsd\x64\debug\gsd.tlog\cl.read.1.tlog
d:\devresult\git\proj\2202gamesystemdesign\gsd\gsd\x64\debug\gsd.tlog\cl.write.1.tlog
d:\devresult\git\proj\2202gamesystemdesign\gsd\gsd\x64\debug\gsd.tlog\link.command.1.tlog
d:\devresult\git\proj\2202gamesystemdesign\gsd\gsd\x64\debug\gsd.tlog\link.read.1.tlog
d:\devresult\git\proj\2202gamesystemdesign\gsd\gsd\x64\debug\gsd.tlog\link.write.1.tlog
